<?xml version="1.0" encoding="UTF-8"?>
<testng-results ignored="0" total="1" passed="1" failed="0" skipped="0">
  <reporter-output>
  </reporter-output>
  <suite started-at="2023-05-30T16:52:28 IST" name="Default suite" finished-at="2023-05-30T16:52:28 IST" duration-ms="71">
    <groups>
    </groups>
    <test started-at="2023-05-30T16:52:28 IST" name="Default test" finished-at="2023-05-30T16:52:28 IST" duration-ms="71">
      <class name="ujetix.admin.Test1">
        <test-method signature="testing()[pri:0, instance:ujetix.admin.Test1@bd4dc25]" started-at="2023-05-30T16:52:28 IST" name="testing" finished-at="2023-05-30T16:52:28 IST" duration-ms="10" status="PASS">
          <reporter-output>
          </reporter-output>
        </test-method> <!-- testing -->
      </class> <!-- ujetix.admin.Test1 -->
    </test> <!-- Default test -->
  </suite> <!-- Default suite -->
</testng-results>
